CRITICAL - 2024-02-16 05:12:50 --> ParseError: syntax error, unexpected token "return"
in APPPATH\Controllers\UserController.php on line 41.
 1 SYSTEMPATH\Autoloader\Autoloader.php(288): CodeIgniter\Autoloader\Autoloader->includeFile('C:\\WampServer\\www\\userlogin\\app\\Controllers\\UserController.php')
 2 SYSTEMPATH\Autoloader\Autoloader.php(266): CodeIgniter\Autoloader\Autoloader->loadInNamespace('App\\Controllers\\UserController')
 3 [internal function]: CodeIgniter\Autoloader\Autoloader->loadClass('App\\Controllers\\UserController')
 4 SYSTEMPATH\CodeIgniter.php(899): class_exists('\\App\\Controllers\\UserController', true)
 5 SYSTEMPATH\CodeIgniter.php(489): CodeIgniter\CodeIgniter->startController()
 6 SYSTEMPATH\CodeIgniter.php(361): CodeIgniter\CodeIgniter->handleRequest(null, Object(Config\Cache), false)
 7 FCPATH\index.php(79): CodeIgniter\CodeIgniter->run()
ERROR - 2024-02-16 05:16:58 --> mysqli_sql_exception: Duplicate entry 'rahul123@gmail.com' for key 'userlogin.user_email' in C:\WampServer\www\userlogin\system\Database\MySQLi\Connection.php:306
Stack trace:
#0 C:\WampServer\www\userlogin\system\Database\MySQLi\Connection.php(306): mysqli->query('INSERT INTO `us...', 0)
#1 C:\WampServer\www\userlogin\system\Database\BaseConnection.php(693): CodeIgniter\Database\MySQLi\Connection->execute('INSERT INTO `us...')
#2 C:\WampServer\www\userlogin\system\Database\BaseConnection.php(607): CodeIgniter\Database\BaseConnection->simpleQuery('INSERT INTO `us...')
#3 C:\WampServer\www\userlogin\system\Database\BaseBuilder.php(2307): CodeIgniter\Database\BaseConnection->query('INSERT INTO `us...', Array, false)
#4 C:\WampServer\www\userlogin\system\Model.php(326): CodeIgniter\Database\BaseBuilder->insert()
#5 C:\WampServer\www\userlogin\system\BaseModel.php(802): CodeIgniter\Model->doInsert(Array)
#6 C:\WampServer\www\userlogin\system\Model.php(744): CodeIgniter\BaseModel->insert(Array, true)
#7 C:\WampServer\www\userlogin\app\Controllers\UserController.php(31): CodeIgniter\Model->insert(Array)
#8 C:\WampServer\www\userlogin\system\CodeIgniter.php(941): App\Controllers\UserController->userlSign()
#9 C:\WampServer\www\userlogin\system\CodeIgniter.php(502): CodeIgniter\CodeIgniter->runController(Object(App\Controllers\UserController))
#10 C:\WampServer\www\userlogin\system\CodeIgniter.php(361): CodeIgniter\CodeIgniter->handleRequest(NULL, Object(Config\Cache), false)
#11 C:\WampServer\www\userlogin\index.php(79): CodeIgniter\CodeIgniter->run()
#12 {main}
CRITICAL - 2024-02-16 05:16:58 --> CodeIgniter\Database\Exceptions\DatabaseException: Duplicate entry 'rahul123@gmail.com' for key 'userlogin.user_email'
in SYSTEMPATH\Database\BaseConnection.php on line 647.
 1 SYSTEMPATH\Database\BaseBuilder.php(2307): CodeIgniter\Database\BaseConnection->query('INSERT INTO `userlogin` (`user_name`, `user_username`, `user_email`, `user_password`) VALUES (:user_name:, :user_username:, :user_email:, :user_password:)', [...], false)
 2 SYSTEMPATH\Model.php(326): CodeIgniter\Database\BaseBuilder->insert()
 3 SYSTEMPATH\BaseModel.php(802): CodeIgniter\Model->doInsert([...])
 4 SYSTEMPATH\Model.php(744): CodeIgniter\BaseModel->insert([...], true)
 5 APPPATH\Controllers\UserController.php(31): CodeIgniter\Model->insert([...])
 6 SYSTEMPATH\CodeIgniter.php(941): App\Controllers\UserController->userlSign()
 7 SYSTEMPATH\CodeIgniter.php(502): CodeIgniter\CodeIgniter->runController(Object(App\Controllers\UserController))
 8 SYSTEMPATH\CodeIgniter.php(361): CodeIgniter\CodeIgniter->handleRequest(null, Object(Config\Cache), false)
 9 FCPATH\index.php(79): CodeIgniter\CodeIgniter->run()
CRITICAL - 2024-02-16 05:16:58 --> [Caused by] CodeIgniter\Database\Exceptions\DatabaseException: Duplicate entry 'rahul123@gmail.com' for key 'userlogin.user_email'
in SYSTEMPATH\Database\MySQLi\Connection.php on line 311.
 1 SYSTEMPATH\Database\BaseConnection.php(693): CodeIgniter\Database\MySQLi\Connection->execute('INSERT INTO `userlogin` (`user_name`, `user_username`, `user_email`, `user_password`) VALUES (\'Rahul\', \'rahul7408\', \'rahul123@gmail.com\', \'12345\')')
 2 SYSTEMPATH\Database\BaseConnection.php(607): CodeIgniter\Database\BaseConnection->simpleQuery('INSERT INTO `userlogin` (`user_name`, `user_username`, `user_email`, `user_password`) VALUES (\'Rahul\', \'rahul7408\', \'rahul123@gmail.com\', \'12345\')')
 3 SYSTEMPATH\Database\BaseBuilder.php(2307): CodeIgniter\Database\BaseConnection->query('INSERT INTO `userlogin` (`user_name`, `user_username`, `user_email`, `user_password`) VALUES (:user_name:, :user_username:, :user_email:, :user_password:)', [...], false)
 4 SYSTEMPATH\Model.php(326): CodeIgniter\Database\BaseBuilder->insert()
 5 SYSTEMPATH\BaseModel.php(802): CodeIgniter\Model->doInsert([...])
 6 SYSTEMPATH\Model.php(744): CodeIgniter\BaseModel->insert([...], true)
 7 APPPATH\Controllers\UserController.php(31): CodeIgniter\Model->insert([...])
 8 SYSTEMPATH\CodeIgniter.php(941): App\Controllers\UserController->userlSign()
 9 SYSTEMPATH\CodeIgniter.php(502): CodeIgniter\CodeIgniter->runController(Object(App\Controllers\UserController))
10 SYSTEMPATH\CodeIgniter.php(361): CodeIgniter\CodeIgniter->handleRequest(null, Object(Config\Cache), false)
11 FCPATH\index.php(79): CodeIgniter\CodeIgniter->run()
CRITICAL - 2024-02-16 05:16:58 --> [Caused by] mysqli_sql_exception: Duplicate entry 'rahul123@gmail.com' for key 'userlogin.user_email'
in SYSTEMPATH\Database\MySQLi\Connection.php on line 306.
 1 SYSTEMPATH\Database\MySQLi\Connection.php(306): mysqli->query('INSERT INTO `userlogin` (`user_name`, `user_username`, `user_email`, `user_password`) VALUES (\'Rahul\', \'rahul7408\', \'rahul123@gmail.com\', \'12345\')', 0)
 2 SYSTEMPATH\Database\BaseConnection.php(693): CodeIgniter\Database\MySQLi\Connection->execute('INSERT INTO `userlogin` (`user_name`, `user_username`, `user_email`, `user_password`) VALUES (\'Rahul\', \'rahul7408\', \'rahul123@gmail.com\', \'12345\')')
 3 SYSTEMPATH\Database\BaseConnection.php(607): CodeIgniter\Database\BaseConnection->simpleQuery('INSERT INTO `userlogin` (`user_name`, `user_username`, `user_email`, `user_password`) VALUES (\'Rahul\', \'rahul7408\', \'rahul123@gmail.com\', \'12345\')')
 4 SYSTEMPATH\Database\BaseBuilder.php(2307): CodeIgniter\Database\BaseConnection->query('INSERT INTO `userlogin` (`user_name`, `user_username`, `user_email`, `user_password`) VALUES (:user_name:, :user_username:, :user_email:, :user_password:)', [...], false)
 5 SYSTEMPATH\Model.php(326): CodeIgniter\Database\BaseBuilder->insert()
 6 SYSTEMPATH\BaseModel.php(802): CodeIgniter\Model->doInsert([...])
 7 SYSTEMPATH\Model.php(744): CodeIgniter\BaseModel->insert([...], true)
 8 APPPATH\Controllers\UserController.php(31): CodeIgniter\Model->insert([...])
 9 SYSTEMPATH\CodeIgniter.php(941): App\Controllers\UserController->userlSign()
10 SYSTEMPATH\CodeIgniter.php(502): CodeIgniter\CodeIgniter->runController(Object(App\Controllers\UserController))
11 SYSTEMPATH\CodeIgniter.php(361): CodeIgniter\CodeIgniter->handleRequest(null, Object(Config\Cache), false)
12 FCPATH\index.php(79): CodeIgniter\CodeIgniter->run()
ERROR - 2024-02-16 08:04:33 --> mysqli_sql_exception: Unknown column 'token' in 'where clause' in C:\WampServer\www\userlogin\system\Database\MySQLi\Connection.php:306
Stack trace:
#0 C:\WampServer\www\userlogin\system\Database\MySQLi\Connection.php(306): mysqli->query('SELECT *\nFROM `...', 0)
#1 C:\WampServer\www\userlogin\system\Database\BaseConnection.php(693): CodeIgniter\Database\MySQLi\Connection->execute('SELECT *\nFROM `...')
#2 C:\WampServer\www\userlogin\system\Database\BaseConnection.php(607): CodeIgniter\Database\BaseConnection->simpleQuery('SELECT *\nFROM `...')
#3 C:\WampServer\www\userlogin\system\Database\BaseBuilder.php(1616): CodeIgniter\Database\BaseConnection->query('SELECT *\nFROM `...', Array, false)
#4 C:\WampServer\www\userlogin\system\Model.php(270): CodeIgniter\Database\BaseBuilder->get()
#5 C:\WampServer\www\userlogin\system\BaseModel.php(676): CodeIgniter\Model->doFirst()
#6 C:\WampServer\www\userlogin\app\Controllers\UserController.php(145): CodeIgniter\BaseModel->first()
#7 C:\WampServer\www\userlogin\system\CodeIgniter.php(941): App\Controllers\UserController->profile()
#8 C:\WampServer\www\userlogin\system\CodeIgniter.php(502): CodeIgniter\CodeIgniter->runController(Object(App\Controllers\UserController))
#9 C:\WampServer\www\userlogin\system\CodeIgniter.php(361): CodeIgniter\CodeIgniter->handleRequest(NULL, Object(Config\Cache), false)
#10 C:\WampServer\www\userlogin\index.php(79): CodeIgniter\CodeIgniter->run()
#11 {main}
CRITICAL - 2024-02-16 08:04:33 --> CodeIgniter\Database\Exceptions\DatabaseException: Unknown column 'token' in 'where clause'
in SYSTEMPATH\Database\BaseConnection.php on line 647.
 1 SYSTEMPATH\Database\BaseBuilder.php(1616): CodeIgniter\Database\BaseConnection->query('SELECT *
FROM `userlogin`
WHERE `token` = :token:
 LIMIT 1', [...], false)
 2 SYSTEMPATH\Model.php(270): CodeIgniter\Database\BaseBuilder->get()
 3 SYSTEMPATH\BaseModel.php(676): CodeIgniter\Model->doFirst()
 4 APPPATH\Controllers\UserController.php(145): CodeIgniter\BaseModel->first()
 5 SYSTEMPATH\CodeIgniter.php(941): App\Controllers\UserController->profile()
 6 SYSTEMPATH\CodeIgniter.php(502): CodeIgniter\CodeIgniter->runController(Object(App\Controllers\UserController))
 7 SYSTEMPATH\CodeIgniter.php(361): CodeIgniter\CodeIgniter->handleRequest(null, Object(Config\Cache), false)
 8 FCPATH\index.php(79): CodeIgniter\CodeIgniter->run()
CRITICAL - 2024-02-16 08:04:33 --> [Caused by] CodeIgniter\Database\Exceptions\DatabaseException: Unknown column 'token' in 'where clause'
in SYSTEMPATH\Database\MySQLi\Connection.php on line 311.
 1 SYSTEMPATH\Database\BaseConnection.php(693): CodeIgniter\Database\MySQLi\Connection->execute('SELECT *
FROM `userlogin`
WHERE `token` = \'ec4bb25119fee8f25fa5a072cf75243be23a780f\'
 LIMIT 1')
 2 SYSTEMPATH\Database\BaseConnection.php(607): CodeIgniter\Database\BaseConnection->simpleQuery('SELECT *
FROM `userlogin`
WHERE `token` = \'ec4bb25119fee8f25fa5a072cf75243be23a780f\'
 LIMIT 1')
 3 SYSTEMPATH\Database\BaseBuilder.php(1616): CodeIgniter\Database\BaseConnection->query('SELECT *
FROM `userlogin`
WHERE `token` = :token:
 LIMIT 1', [...], false)
 4 SYSTEMPATH\Model.php(270): CodeIgniter\Database\BaseBuilder->get()
 5 SYSTEMPATH\BaseModel.php(676): CodeIgniter\Model->doFirst()
 6 APPPATH\Controllers\UserController.php(145): CodeIgniter\BaseModel->first()
 7 SYSTEMPATH\CodeIgniter.php(941): App\Controllers\UserController->profile()
 8 SYSTEMPATH\CodeIgniter.php(502): CodeIgniter\CodeIgniter->runController(Object(App\Controllers\UserController))
 9 SYSTEMPATH\CodeIgniter.php(361): CodeIgniter\CodeIgniter->handleRequest(null, Object(Config\Cache), false)
10 FCPATH\index.php(79): CodeIgniter\CodeIgniter->run()
CRITICAL - 2024-02-16 08:04:33 --> [Caused by] mysqli_sql_exception: Unknown column 'token' in 'where clause'
in SYSTEMPATH\Database\MySQLi\Connection.php on line 306.
 1 SYSTEMPATH\Database\MySQLi\Connection.php(306): mysqli->query('SELECT *
FROM `userlogin`
WHERE `token` = \'ec4bb25119fee8f25fa5a072cf75243be23a780f\'
 LIMIT 1', 0)
 2 SYSTEMPATH\Database\BaseConnection.php(693): CodeIgniter\Database\MySQLi\Connection->execute('SELECT *
FROM `userlogin`
WHERE `token` = \'ec4bb25119fee8f25fa5a072cf75243be23a780f\'
 LIMIT 1')
 3 SYSTEMPATH\Database\BaseConnection.php(607): CodeIgniter\Database\BaseConnection->simpleQuery('SELECT *
FROM `userlogin`
WHERE `token` = \'ec4bb25119fee8f25fa5a072cf75243be23a780f\'
 LIMIT 1')
 4 SYSTEMPATH\Database\BaseBuilder.php(1616): CodeIgniter\Database\BaseConnection->query('SELECT *
FROM `userlogin`
WHERE `token` = :token:
 LIMIT 1', [...], false)
 5 SYSTEMPATH\Model.php(270): CodeIgniter\Database\BaseBuilder->get()
 6 SYSTEMPATH\BaseModel.php(676): CodeIgniter\Model->doFirst()
 7 APPPATH\Controllers\UserController.php(145): CodeIgniter\BaseModel->first()
 8 SYSTEMPATH\CodeIgniter.php(941): App\Controllers\UserController->profile()
 9 SYSTEMPATH\CodeIgniter.php(502): CodeIgniter\CodeIgniter->runController(Object(App\Controllers\UserController))
10 SYSTEMPATH\CodeIgniter.php(361): CodeIgniter\CodeIgniter->handleRequest(null, Object(Config\Cache), false)
11 FCPATH\index.php(79): CodeIgniter\CodeIgniter->run()
CRITICAL - 2024-02-16 10:36:09 --> ErrorException: Undefined property: stdClass::$name
in APPPATH\Controllers\UserController.php on line 64.
 1 APPPATH\Controllers\UserController.php(64): CodeIgniter\Debug\Exceptions->errorHandler(2, 'Undefined property: stdClass::$name', 'C:\\WampServer\\www\\userlogin\\app\\Controllers\\UserController.php', 64)
 2 SYSTEMPATH\CodeIgniter.php(941): App\Controllers\UserController->login()
 3 SYSTEMPATH\CodeIgniter.php(502): CodeIgniter\CodeIgniter->runController(Object(App\Controllers\UserController))
 4 SYSTEMPATH\CodeIgniter.php(361): CodeIgniter\CodeIgniter->handleRequest(null, Object(Config\Cache), false)
 5 FCPATH\index.php(79): CodeIgniter\CodeIgniter->run()
CRITICAL - 2024-02-16 10:54:21 --> ErrorException: Attempt to read property "name" on null
in APPPATH\Controllers\UserController.php on line 64.
 1 APPPATH\Controllers\UserController.php(64): CodeIgniter\Debug\Exceptions->errorHandler(2, 'Attempt to read property "name" on null', 'C:\\WampServer\\www\\userlogin\\app\\Controllers\\UserController.php', 64)
 2 SYSTEMPATH\CodeIgniter.php(941): App\Controllers\UserController->login()
 3 SYSTEMPATH\CodeIgniter.php(502): CodeIgniter\CodeIgniter->runController(Object(App\Controllers\UserController))
 4 SYSTEMPATH\CodeIgniter.php(361): CodeIgniter\CodeIgniter->handleRequest(null, Object(Config\Cache), false)
 5 FCPATH\index.php(79): CodeIgniter\CodeIgniter->run()
CRITICAL - 2024-02-16 10:55:10 --> ErrorException: Undefined array key "user_usernsme"
in APPPATH\Controllers\UserController.php on line 67.
 1 APPPATH\Controllers\UserController.php(67): CodeIgniter\Debug\Exceptions->errorHandler(2, 'Undefined array key "user_usernsme"', 'C:\\WampServer\\www\\userlogin\\app\\Controllers\\UserController.php', 67)
 2 SYSTEMPATH\CodeIgniter.php(941): App\Controllers\UserController->login()
 3 SYSTEMPATH\CodeIgniter.php(502): CodeIgniter\CodeIgniter->runController(Object(App\Controllers\UserController))
 4 SYSTEMPATH\CodeIgniter.php(361): CodeIgniter\CodeIgniter->handleRequest(null, Object(Config\Cache), false)
 5 FCPATH\index.php(79): CodeIgniter\CodeIgniter->run()
CRITICAL - 2024-02-16 10:55:27 --> ErrorException: Undefined array key "user_username"
in APPPATH\Controllers\UserController.php on line 67.
 1 APPPATH\Controllers\UserController.php(67): CodeIgniter\Debug\Exceptions->errorHandler(2, 'Undefined array key "user_username"', 'C:\\WampServer\\www\\userlogin\\app\\Controllers\\UserController.php', 67)
 2 SYSTEMPATH\CodeIgniter.php(941): App\Controllers\UserController->login()
 3 SYSTEMPATH\CodeIgniter.php(502): CodeIgniter\CodeIgniter->runController(Object(App\Controllers\UserController))
 4 SYSTEMPATH\CodeIgniter.php(361): CodeIgniter\CodeIgniter->handleRequest(null, Object(Config\Cache), false)
 5 FCPATH\index.php(79): CodeIgniter\CodeIgniter->run()
CRITICAL - 2024-02-16 10:57:29 --> BadMethodCallException: Call to undefined method App\Models\UserModel::fisrt
in SYSTEMPATH\Model.php on line 874.
 1 APPPATH\Controllers\UserController.php(61): CodeIgniter\Model->__call('fisrt', [])
 2 SYSTEMPATH\CodeIgniter.php(941): App\Controllers\UserController->login()
 3 SYSTEMPATH\CodeIgniter.php(502): CodeIgniter\CodeIgniter->runController(Object(App\Controllers\UserController))
 4 SYSTEMPATH\CodeIgniter.php(361): CodeIgniter\CodeIgniter->handleRequest(null, Object(Config\Cache), false)
 5 FCPATH\index.php(79): CodeIgniter\CodeIgniter->run()
